<?xml version="1.0" encoding="UTF-8"?>
<TestRun id="92998663-5b8b-43ad-8b56-98b1d115886d" name="gopi@DESKTOP-I7T5DU9 2021-04-08T20:51:41.470Z" runUser="gopi" xmlns="http://microsoft.com/schemas/VisualStudio/TeamTest/2010">
  <TestSettings name="Jest test run" id="e078490e-ed64-404d-89d6-5b18cdd9c607"/>
  <Times creation="2021-04-08T20:51:41.470Z" queuing="2021-04-08T20:51:41.470Z" start="2021-04-08T20:51:41.470Z" finish="2021-04-08T20:51:41.470Z"/>
  <ResultSummary outcome="Passed">
    <Counters total="21" executed="21" passed="21" failed="0" error="0"/>
  </ResultSummary>
  <TestDefinitions>
    <UnitTest name="testing / render the About Us title" id="ac836e14-4331-469b-ae10-855f338ef44c" storage="src\App.test.js">
      <Execution id="85e8d72d-bc07-43f6-80ef-0fda1a049c8e"/>
      <TestMethod codeBase="src\App.test.js" name="testing / render the About Us title" className="testing"/>
    </UnitTest>
    <UnitTest name="testing / render text in mission" id="82ad2566-8826-438c-bf4f-07fd46c8e91b" storage="src\App.test.js">
      <Execution id="850cec10-05cc-4f1a-b49b-b2e99bdae280"/>
      <TestMethod codeBase="src\App.test.js" name="testing / render text in mission" className="testing"/>
    </UnitTest>
    <UnitTest name="testing / render the team member section title" id="8b874e1c-c646-4d26-bba8-48678465b6c2" storage="src\App.test.js">
      <Execution id="b64b9ec9-e5c5-403b-af7f-b673a68bfee2"/>
      <TestMethod codeBase="src\App.test.js" name="testing / render the team member section title" className="testing"/>
    </UnitTest>
    <UnitTest name="testing / render homepage text" id="8bc590b8-092d-489e-bc6c-0b851418dad7" storage="src\App.test.js">
      <Execution id="48b5ea21-a625-4df3-9135-bb819c97ec3e"/>
      <TestMethod codeBase="src\App.test.js" name="testing / render homepage text" className="testing"/>
    </UnitTest>
    <UnitTest name="testing / render 'Our Story' title" id="109ee62d-f0f1-4d5c-8295-dc5a4d5f1be4" storage="src\App.test.js">
      <Execution id="017f0b78-61ac-450c-a407-6ba3c3a61b0e"/>
      <TestMethod codeBase="src\App.test.js" name="testing / render 'Our Story' title" className="testing"/>
    </UnitTest>
    <UnitTest name="testing / render 'Our Story' text" id="487e8936-8cd3-4506-a343-dd74b8f9e3ae" storage="src\App.test.js">
      <Execution id="070bceb8-ad12-4d7d-a48e-5e0929c6f5c3"/>
      <TestMethod codeBase="src\App.test.js" name="testing / render 'Our Story' text" className="testing"/>
    </UnitTest>
    <UnitTest name="testing / render 'How It Works' title" id="7b9893f9-daf0-4a2b-95e1-1b68dad5a398" storage="src\App.test.js">
      <Execution id="a57b667b-00ba-4bbd-a1ee-7fec93853deb"/>
      <TestMethod codeBase="src\App.test.js" name="testing / render 'How It Works' title" className="testing"/>
    </UnitTest>
    <UnitTest name="testing / render team member - Gopi" id="394be143-9803-42f1-9593-d6e584fa4b96" storage="src\App.test.js">
      <Execution id="3a5b4f0f-d579-4d62-b836-20e737e05a17"/>
      <TestMethod codeBase="src\App.test.js" name="testing / render team member - Gopi" className="testing"/>
    </UnitTest>
    <UnitTest name="testing / render team member - Phuong" id="6ee9057e-3800-4a88-8182-9ab1503dfc76" storage="src\App.test.js">
      <Execution id="7072321d-8419-45bd-bbad-7ca10c42c2ce"/>
      <TestMethod codeBase="src\App.test.js" name="testing / render team member - Phuong" className="testing"/>
    </UnitTest>
    <UnitTest name="testing / render team member - Leul" id="fbb59d4a-2d0f-484b-81cc-4150bedc3cc0" storage="src\App.test.js">
      <Execution id="3b1b6dca-553b-48a8-b427-12b748893467"/>
      <TestMethod codeBase="src\App.test.js" name="testing / render team member - Leul" className="testing"/>
    </UnitTest>
    <UnitTest name="testing / render team member - Christy" id="077f2227-1da2-4645-9f49-5ee35ced40c2" storage="src\App.test.js">
      <Execution id="ae56e08c-129b-4422-a185-3fc925d36a1b"/>
      <TestMethod codeBase="src\App.test.js" name="testing / render team member - Christy" className="testing"/>
    </UnitTest>
    <UnitTest name="testing / render Christy Description" id="0282de83-d366-48d9-825c-89c23c09e757" storage="src\App.test.js">
      <Execution id="1908bab5-e2d3-4ee9-b0af-7c5529423591"/>
      <TestMethod codeBase="src\App.test.js" name="testing / render Christy Description" className="testing"/>
    </UnitTest>
    <UnitTest name="testing / render Line2 of home" id="cdd62468-2081-4ab7-b709-16d69f075fc7" storage="src\App.test.js">
      <Execution id="4a6057fa-5aaf-4185-b29c-cb644935f9ed"/>
      <TestMethod codeBase="src\App.test.js" name="testing / render Line2 of home" className="testing"/>
    </UnitTest>
    <UnitTest name="testing / render Leul Description" id="901b9ce0-6ff1-486f-818a-b471824a9e6f" storage="src\App.test.js">
      <Execution id="6949a145-d421-4a56-b36f-14e7a4645153"/>
      <TestMethod codeBase="src\App.test.js" name="testing / render Leul Description" className="testing"/>
    </UnitTest>
    <UnitTest name="data / render Gopi Description" id="48dbd862-7342-4b89-8c18-6211f84dc1f1" storage="src\App.test.js">
      <Execution id="4fc145d1-513c-43ab-b54d-ab42f8c18ba0"/>
      <TestMethod codeBase="src\App.test.js" name="data / render Gopi Description" className="data"/>
    </UnitTest>
    <UnitTest name="data / Test get started click event" id="c9b5ef81-f91e-4f1e-b10b-543a22ead59f" storage="src\App.test.js">
      <Execution id="2e30c502-4f24-4000-a136-d1dce06082fc"/>
      <TestMethod codeBase="src\App.test.js" name="data / Test get started click event" className="data"/>
    </UnitTest>
    <UnitTest name="data / render copyright in footer" id="823e95e5-d0d8-4131-bd68-a880b1dee1bb" storage="src\App.test.js">
      <Execution id="363be629-30ea-4518-9772-bf2b8fea0f82"/>
      <TestMethod codeBase="src\App.test.js" name="data / render copyright in footer" className="data"/>
    </UnitTest>
    <UnitTest name="data / render benefit 3" id="94042d69-e3f2-4137-b846-0dd7ae06fcb5" storage="src\App.test.js">
      <Execution id="b97a7132-9e37-492a-adda-ed1a667ea009"/>
      <TestMethod codeBase="src\App.test.js" name="data / render benefit 3" className="data"/>
    </UnitTest>
    <UnitTest name="data / render footer text - Home" id="e9ee7346-8dda-4b67-b494-43c1bef39d44" storage="src\App.test.js">
      <Execution id="8da5a667-c4c8-4ec0-b20c-d8fa5266f4ce"/>
      <TestMethod codeBase="src\App.test.js" name="data / render footer text - Home" className="data"/>
    </UnitTest>
    <UnitTest name="data / render footer text - About Us" id="5685e888-cd7a-4061-8856-193119ec67c8" storage="src\App.test.js">
      <Execution id="ab0a8050-8322-4120-8860-184ed41f0b4e"/>
      <TestMethod codeBase="src\App.test.js" name="data / render footer text - About Us" className="data"/>
    </UnitTest>
    <UnitTest name="data / render footer text - How It Works" id="8ceb39d1-93af-4d2d-b0ae-f980f15c2beb" storage="src\App.test.js">
      <Execution id="d6c52ae5-7026-4ed1-9d89-ed2796dc06a5"/>
      <TestMethod codeBase="src\App.test.js" name="data / render footer text - How It Works" className="data"/>
    </UnitTest>
  </TestDefinitions>
  <TestLists>
    <TestList name="Results Not in a List" id="8c84fa94-04c1-424b-9868-57a2d4851a1d"/>
    <TestList name="All Loaded Results" id="19431567-8539-422a-85d7-44ee4e166bda"/>
  </TestLists>
  <TestEntries>
    <TestEntry testId="ac836e14-4331-469b-ae10-855f338ef44c" executionId="85e8d72d-bc07-43f6-80ef-0fda1a049c8e" testListId="8c84fa94-04c1-424b-9868-57a2d4851a1d"/>
    <TestEntry testId="82ad2566-8826-438c-bf4f-07fd46c8e91b" executionId="850cec10-05cc-4f1a-b49b-b2e99bdae280" testListId="8c84fa94-04c1-424b-9868-57a2d4851a1d"/>
    <TestEntry testId="8b874e1c-c646-4d26-bba8-48678465b6c2" executionId="b64b9ec9-e5c5-403b-af7f-b673a68bfee2" testListId="8c84fa94-04c1-424b-9868-57a2d4851a1d"/>
    <TestEntry testId="8bc590b8-092d-489e-bc6c-0b851418dad7" executionId="48b5ea21-a625-4df3-9135-bb819c97ec3e" testListId="8c84fa94-04c1-424b-9868-57a2d4851a1d"/>
    <TestEntry testId="109ee62d-f0f1-4d5c-8295-dc5a4d5f1be4" executionId="017f0b78-61ac-450c-a407-6ba3c3a61b0e" testListId="8c84fa94-04c1-424b-9868-57a2d4851a1d"/>
    <TestEntry testId="487e8936-8cd3-4506-a343-dd74b8f9e3ae" executionId="070bceb8-ad12-4d7d-a48e-5e0929c6f5c3" testListId="8c84fa94-04c1-424b-9868-57a2d4851a1d"/>
    <TestEntry testId="7b9893f9-daf0-4a2b-95e1-1b68dad5a398" executionId="a57b667b-00ba-4bbd-a1ee-7fec93853deb" testListId="8c84fa94-04c1-424b-9868-57a2d4851a1d"/>
    <TestEntry testId="394be143-9803-42f1-9593-d6e584fa4b96" executionId="3a5b4f0f-d579-4d62-b836-20e737e05a17" testListId="8c84fa94-04c1-424b-9868-57a2d4851a1d"/>
    <TestEntry testId="6ee9057e-3800-4a88-8182-9ab1503dfc76" executionId="7072321d-8419-45bd-bbad-7ca10c42c2ce" testListId="8c84fa94-04c1-424b-9868-57a2d4851a1d"/>
    <TestEntry testId="fbb59d4a-2d0f-484b-81cc-4150bedc3cc0" executionId="3b1b6dca-553b-48a8-b427-12b748893467" testListId="8c84fa94-04c1-424b-9868-57a2d4851a1d"/>
    <TestEntry testId="077f2227-1da2-4645-9f49-5ee35ced40c2" executionId="ae56e08c-129b-4422-a185-3fc925d36a1b" testListId="8c84fa94-04c1-424b-9868-57a2d4851a1d"/>
    <TestEntry testId="0282de83-d366-48d9-825c-89c23c09e757" executionId="1908bab5-e2d3-4ee9-b0af-7c5529423591" testListId="8c84fa94-04c1-424b-9868-57a2d4851a1d"/>
    <TestEntry testId="cdd62468-2081-4ab7-b709-16d69f075fc7" executionId="4a6057fa-5aaf-4185-b29c-cb644935f9ed" testListId="8c84fa94-04c1-424b-9868-57a2d4851a1d"/>
    <TestEntry testId="901b9ce0-6ff1-486f-818a-b471824a9e6f" executionId="6949a145-d421-4a56-b36f-14e7a4645153" testListId="8c84fa94-04c1-424b-9868-57a2d4851a1d"/>
    <TestEntry testId="48dbd862-7342-4b89-8c18-6211f84dc1f1" executionId="4fc145d1-513c-43ab-b54d-ab42f8c18ba0" testListId="8c84fa94-04c1-424b-9868-57a2d4851a1d"/>
    <TestEntry testId="c9b5ef81-f91e-4f1e-b10b-543a22ead59f" executionId="2e30c502-4f24-4000-a136-d1dce06082fc" testListId="8c84fa94-04c1-424b-9868-57a2d4851a1d"/>
    <TestEntry testId="823e95e5-d0d8-4131-bd68-a880b1dee1bb" executionId="363be629-30ea-4518-9772-bf2b8fea0f82" testListId="8c84fa94-04c1-424b-9868-57a2d4851a1d"/>
    <TestEntry testId="94042d69-e3f2-4137-b846-0dd7ae06fcb5" executionId="b97a7132-9e37-492a-adda-ed1a667ea009" testListId="8c84fa94-04c1-424b-9868-57a2d4851a1d"/>
    <TestEntry testId="e9ee7346-8dda-4b67-b494-43c1bef39d44" executionId="8da5a667-c4c8-4ec0-b20c-d8fa5266f4ce" testListId="8c84fa94-04c1-424b-9868-57a2d4851a1d"/>
    <TestEntry testId="5685e888-cd7a-4061-8856-193119ec67c8" executionId="ab0a8050-8322-4120-8860-184ed41f0b4e" testListId="8c84fa94-04c1-424b-9868-57a2d4851a1d"/>
    <TestEntry testId="8ceb39d1-93af-4d2d-b0ae-f980f15c2beb" executionId="d6c52ae5-7026-4ed1-9d89-ed2796dc06a5" testListId="8c84fa94-04c1-424b-9868-57a2d4851a1d"/>
  </TestEntries>
  <Results>
    <UnitTestResult testId="ac836e14-4331-469b-ae10-855f338ef44c" executionId="85e8d72d-bc07-43f6-80ef-0fda1a049c8e" testName="testing / render the About Us title" computerName="DESKTOP-I7T5DU9" duration="00:00:02.991" startTime="2021-04-08T20:52:14.696Z" endTime="2021-04-08T20:52:17.687Z" testType="13cdc9d9-ddb5-4fa4-a97d-d965ccfc6d4b" outcome="Passed" testListId="8c84fa94-04c1-424b-9868-57a2d4851a1d"/>
    <UnitTestResult testId="82ad2566-8826-438c-bf4f-07fd46c8e91b" executionId="850cec10-05cc-4f1a-b49b-b2e99bdae280" testName="testing / render text in mission" computerName="DESKTOP-I7T5DU9" duration="00:00:02.991" startTime="2021-04-08T20:52:17.687Z" endTime="2021-04-08T20:52:20.678Z" testType="13cdc9d9-ddb5-4fa4-a97d-d965ccfc6d4b" outcome="Passed" testListId="8c84fa94-04c1-424b-9868-57a2d4851a1d"/>
    <UnitTestResult testId="8b874e1c-c646-4d26-bba8-48678465b6c2" executionId="b64b9ec9-e5c5-403b-af7f-b673a68bfee2" testName="testing / render the team member section title" computerName="DESKTOP-I7T5DU9" duration="00:00:02.991" startTime="2021-04-08T20:52:20.678Z" endTime="2021-04-08T20:52:23.669Z" testType="13cdc9d9-ddb5-4fa4-a97d-d965ccfc6d4b" outcome="Passed" testListId="8c84fa94-04c1-424b-9868-57a2d4851a1d"/>
    <UnitTestResult testId="8bc590b8-092d-489e-bc6c-0b851418dad7" executionId="48b5ea21-a625-4df3-9135-bb819c97ec3e" testName="testing / render homepage text" computerName="DESKTOP-I7T5DU9" duration="00:00:02.991" startTime="2021-04-08T20:52:23.669Z" endTime="2021-04-08T20:52:26.660Z" testType="13cdc9d9-ddb5-4fa4-a97d-d965ccfc6d4b" outcome="Passed" testListId="8c84fa94-04c1-424b-9868-57a2d4851a1d"/>
    <UnitTestResult testId="109ee62d-f0f1-4d5c-8295-dc5a4d5f1be4" executionId="017f0b78-61ac-450c-a407-6ba3c3a61b0e" testName="testing / render 'Our Story' title" computerName="DESKTOP-I7T5DU9" duration="00:00:02.991" startTime="2021-04-08T20:52:26.660Z" endTime="2021-04-08T20:52:29.651Z" testType="13cdc9d9-ddb5-4fa4-a97d-d965ccfc6d4b" outcome="Passed" testListId="8c84fa94-04c1-424b-9868-57a2d4851a1d"/>
    <UnitTestResult testId="487e8936-8cd3-4506-a343-dd74b8f9e3ae" executionId="070bceb8-ad12-4d7d-a48e-5e0929c6f5c3" testName="testing / render 'Our Story' text" computerName="DESKTOP-I7T5DU9" duration="00:00:02.991" startTime="2021-04-08T20:52:29.651Z" endTime="2021-04-08T20:52:32.642Z" testType="13cdc9d9-ddb5-4fa4-a97d-d965ccfc6d4b" outcome="Passed" testListId="8c84fa94-04c1-424b-9868-57a2d4851a1d"/>
    <UnitTestResult testId="7b9893f9-daf0-4a2b-95e1-1b68dad5a398" executionId="a57b667b-00ba-4bbd-a1ee-7fec93853deb" testName="testing / render 'How It Works' title" computerName="DESKTOP-I7T5DU9" duration="00:00:02.991" startTime="2021-04-08T20:52:32.642Z" endTime="2021-04-08T20:52:35.633Z" testType="13cdc9d9-ddb5-4fa4-a97d-d965ccfc6d4b" outcome="Passed" testListId="8c84fa94-04c1-424b-9868-57a2d4851a1d"/>
    <UnitTestResult testId="394be143-9803-42f1-9593-d6e584fa4b96" executionId="3a5b4f0f-d579-4d62-b836-20e737e05a17" testName="testing / render team member - Gopi" computerName="DESKTOP-I7T5DU9" duration="00:00:02.991" startTime="2021-04-08T20:52:35.633Z" endTime="2021-04-08T20:52:38.624Z" testType="13cdc9d9-ddb5-4fa4-a97d-d965ccfc6d4b" outcome="Passed" testListId="8c84fa94-04c1-424b-9868-57a2d4851a1d"/>
    <UnitTestResult testId="6ee9057e-3800-4a88-8182-9ab1503dfc76" executionId="7072321d-8419-45bd-bbad-7ca10c42c2ce" testName="testing / render team member - Phuong" computerName="DESKTOP-I7T5DU9" duration="00:00:02.991" startTime="2021-04-08T20:52:38.624Z" endTime="2021-04-08T20:52:41.615Z" testType="13cdc9d9-ddb5-4fa4-a97d-d965ccfc6d4b" outcome="Passed" testListId="8c84fa94-04c1-424b-9868-57a2d4851a1d"/>
    <UnitTestResult testId="fbb59d4a-2d0f-484b-81cc-4150bedc3cc0" executionId="3b1b6dca-553b-48a8-b427-12b748893467" testName="testing / render team member - Leul" computerName="DESKTOP-I7T5DU9" duration="00:00:02.991" startTime="2021-04-08T20:52:41.615Z" endTime="2021-04-08T20:52:44.606Z" testType="13cdc9d9-ddb5-4fa4-a97d-d965ccfc6d4b" outcome="Passed" testListId="8c84fa94-04c1-424b-9868-57a2d4851a1d"/>
    <UnitTestResult testId="077f2227-1da2-4645-9f49-5ee35ced40c2" executionId="ae56e08c-129b-4422-a185-3fc925d36a1b" testName="testing / render team member - Christy" computerName="DESKTOP-I7T5DU9" duration="00:00:02.991" startTime="2021-04-08T20:52:44.606Z" endTime="2021-04-08T20:52:47.597Z" testType="13cdc9d9-ddb5-4fa4-a97d-d965ccfc6d4b" outcome="Passed" testListId="8c84fa94-04c1-424b-9868-57a2d4851a1d"/>
    <UnitTestResult testId="0282de83-d366-48d9-825c-89c23c09e757" executionId="1908bab5-e2d3-4ee9-b0af-7c5529423591" testName="testing / render Christy Description" computerName="DESKTOP-I7T5DU9" duration="00:00:02.991" startTime="2021-04-08T20:52:47.597Z" endTime="2021-04-08T20:52:50.588Z" testType="13cdc9d9-ddb5-4fa4-a97d-d965ccfc6d4b" outcome="Passed" testListId="8c84fa94-04c1-424b-9868-57a2d4851a1d"/>
    <UnitTestResult testId="cdd62468-2081-4ab7-b709-16d69f075fc7" executionId="4a6057fa-5aaf-4185-b29c-cb644935f9ed" testName="testing / render Line2 of home" computerName="DESKTOP-I7T5DU9" duration="00:00:02.991" startTime="2021-04-08T20:52:50.588Z" endTime="2021-04-08T20:52:53.579Z" testType="13cdc9d9-ddb5-4fa4-a97d-d965ccfc6d4b" outcome="Passed" testListId="8c84fa94-04c1-424b-9868-57a2d4851a1d"/>
    <UnitTestResult testId="901b9ce0-6ff1-486f-818a-b471824a9e6f" executionId="6949a145-d421-4a56-b36f-14e7a4645153" testName="testing / render Leul Description" computerName="DESKTOP-I7T5DU9" duration="00:00:02.991" startTime="2021-04-08T20:52:53.579Z" endTime="2021-04-08T20:52:56.570Z" testType="13cdc9d9-ddb5-4fa4-a97d-d965ccfc6d4b" outcome="Passed" testListId="8c84fa94-04c1-424b-9868-57a2d4851a1d"/>
    <UnitTestResult testId="48dbd862-7342-4b89-8c18-6211f84dc1f1" executionId="4fc145d1-513c-43ab-b54d-ab42f8c18ba0" testName="data / render Gopi Description" computerName="DESKTOP-I7T5DU9" duration="00:00:02.991" startTime="2021-04-08T20:52:56.570Z" endTime="2021-04-08T20:52:59.561Z" testType="13cdc9d9-ddb5-4fa4-a97d-d965ccfc6d4b" outcome="Passed" testListId="8c84fa94-04c1-424b-9868-57a2d4851a1d"/>
    <UnitTestResult testId="c9b5ef81-f91e-4f1e-b10b-543a22ead59f" executionId="2e30c502-4f24-4000-a136-d1dce06082fc" testName="data / Test get started click event" computerName="DESKTOP-I7T5DU9" duration="00:00:02.991" startTime="2021-04-08T20:52:59.561Z" endTime="2021-04-08T20:53:02.552Z" testType="13cdc9d9-ddb5-4fa4-a97d-d965ccfc6d4b" outcome="Passed" testListId="8c84fa94-04c1-424b-9868-57a2d4851a1d"/>
    <UnitTestResult testId="823e95e5-d0d8-4131-bd68-a880b1dee1bb" executionId="363be629-30ea-4518-9772-bf2b8fea0f82" testName="data / render copyright in footer" computerName="DESKTOP-I7T5DU9" duration="00:00:02.991" startTime="2021-04-08T20:53:02.552Z" endTime="2021-04-08T20:53:05.543Z" testType="13cdc9d9-ddb5-4fa4-a97d-d965ccfc6d4b" outcome="Passed" testListId="8c84fa94-04c1-424b-9868-57a2d4851a1d"/>
    <UnitTestResult testId="94042d69-e3f2-4137-b846-0dd7ae06fcb5" executionId="b97a7132-9e37-492a-adda-ed1a667ea009" testName="data / render benefit 3" computerName="DESKTOP-I7T5DU9" duration="00:00:02.991" startTime="2021-04-08T20:53:05.543Z" endTime="2021-04-08T20:53:08.534Z" testType="13cdc9d9-ddb5-4fa4-a97d-d965ccfc6d4b" outcome="Passed" testListId="8c84fa94-04c1-424b-9868-57a2d4851a1d"/>
    <UnitTestResult testId="e9ee7346-8dda-4b67-b494-43c1bef39d44" executionId="8da5a667-c4c8-4ec0-b20c-d8fa5266f4ce" testName="data / render footer text - Home" computerName="DESKTOP-I7T5DU9" duration="00:00:02.991" startTime="2021-04-08T20:53:08.534Z" endTime="2021-04-08T20:53:11.525Z" testType="13cdc9d9-ddb5-4fa4-a97d-d965ccfc6d4b" outcome="Passed" testListId="8c84fa94-04c1-424b-9868-57a2d4851a1d"/>
    <UnitTestResult testId="5685e888-cd7a-4061-8856-193119ec67c8" executionId="ab0a8050-8322-4120-8860-184ed41f0b4e" testName="data / render footer text - About Us" computerName="DESKTOP-I7T5DU9" duration="00:00:02.991" startTime="2021-04-08T20:53:11.525Z" endTime="2021-04-08T20:53:14.516Z" testType="13cdc9d9-ddb5-4fa4-a97d-d965ccfc6d4b" outcome="Passed" testListId="8c84fa94-04c1-424b-9868-57a2d4851a1d"/>
    <UnitTestResult testId="8ceb39d1-93af-4d2d-b0ae-f980f15c2beb" executionId="d6c52ae5-7026-4ed1-9d89-ed2796dc06a5" testName="data / render footer text - How It Works" computerName="DESKTOP-I7T5DU9" duration="00:00:02.991" startTime="2021-04-08T20:53:14.516Z" endTime="2021-04-08T20:53:17.507Z" testType="13cdc9d9-ddb5-4fa4-a97d-d965ccfc6d4b" outcome="Passed" testListId="8c84fa94-04c1-424b-9868-57a2d4851a1d"/>
  </Results>
</TestRun>