<?xml version="1.0" encoding="UTF-8"?>
<TestRun id="e6af8e6a-1548-4b9f-a7f2-fab209cf7e82" name="gopi@DESKTOP-I7T5DU9 2021-05-03T17:56:53.367Z" runUser="gopi" xmlns="http://microsoft.com/schemas/VisualStudio/TeamTest/2010">
  <TestSettings name="Jest test run" id="b70864e4-780d-477d-b419-70616b5b9c71"/>
  <Times creation="2021-05-03T17:56:53.367Z" queuing="2021-05-03T17:56:53.367Z" start="2021-05-03T17:56:53.367Z" finish="2021-05-03T17:56:53.367Z"/>
  <ResultSummary outcome="Passed">
    <Counters total="32" executed="32" passed="32" failed="0" error="0"/>
  </ResultSummary>
  <TestDefinitions>
    <UnitTest name="testing / render the About Us title" id="13481a67-411d-4ba3-95b3-fcd8597e47c3" storage="src\App.test.js">
      <Execution id="12a451af-9b14-457a-a4ea-4cf04c816110"/>
      <TestMethod codeBase="src\App.test.js" name="testing / render the About Us title" className="testing"/>
    </UnitTest>
    <UnitTest name="testing / render text in mission" id="77e2fd30-6c79-4051-b1a2-36a0cd1a5e6b" storage="src\App.test.js">
      <Execution id="f01e6f50-7110-4f06-92d0-773ce023fc4c"/>
      <TestMethod codeBase="src\App.test.js" name="testing / render text in mission" className="testing"/>
    </UnitTest>
    <UnitTest name="testing / render the team member section title" id="3153ef85-c732-4fe5-9be5-6a095d08bf99" storage="src\App.test.js">
      <Execution id="4989aca1-1c57-49c4-9ae1-555984473750"/>
      <TestMethod codeBase="src\App.test.js" name="testing / render the team member section title" className="testing"/>
    </UnitTest>
    <UnitTest name="testing / render homepage text" id="9e427297-9fad-47aa-a325-d2c7b79435fd" storage="src\App.test.js">
      <Execution id="e205a80f-8ca9-4466-8179-3d7dced0cc46"/>
      <TestMethod codeBase="src\App.test.js" name="testing / render homepage text" className="testing"/>
    </UnitTest>
    <UnitTest name="testing / render 'Our Story' title" id="a5f12d14-6a39-4a0b-b1b5-81829fb92baf" storage="src\App.test.js">
      <Execution id="46b4a18d-7430-4675-94b0-f59173090574"/>
      <TestMethod codeBase="src\App.test.js" name="testing / render 'Our Story' title" className="testing"/>
    </UnitTest>
    <UnitTest name="testing / render 'Our Story' text" id="5e322ae1-fbc7-4fe4-9c23-f94b50bc6ef1" storage="src\App.test.js">
      <Execution id="6a7c0eb0-342d-4f2a-b88c-56571aa19acd"/>
      <TestMethod codeBase="src\App.test.js" name="testing / render 'Our Story' text" className="testing"/>
    </UnitTest>
    <UnitTest name="testing / render 'How It Works' title" id="4f49f801-217b-40a0-9ce7-838e059459b9" storage="src\App.test.js">
      <Execution id="e95f92ed-36cc-4d94-87ba-5d70f32176c1"/>
      <TestMethod codeBase="src\App.test.js" name="testing / render 'How It Works' title" className="testing"/>
    </UnitTest>
    <UnitTest name="testing / render team member - Gopi" id="645bd302-322b-4252-8a50-49d920449ab3" storage="src\App.test.js">
      <Execution id="21420241-cb73-47e5-bd6d-f9b540ab84b9"/>
      <TestMethod codeBase="src\App.test.js" name="testing / render team member - Gopi" className="testing"/>
    </UnitTest>
    <UnitTest name="testing / render team member - Phuong" id="6a4b73f0-5671-46df-ac26-eba9dd39e2b3" storage="src\App.test.js">
      <Execution id="fa0166d7-675e-4e77-a505-6bb330b1728e"/>
      <TestMethod codeBase="src\App.test.js" name="testing / render team member - Phuong" className="testing"/>
    </UnitTest>
    <UnitTest name="testing / render team member - Leul" id="c7e3d678-48ed-4791-83d9-2684fe4ece84" storage="src\App.test.js">
      <Execution id="7d3eb331-6d70-4577-a655-1959234fb3cf"/>
      <TestMethod codeBase="src\App.test.js" name="testing / render team member - Leul" className="testing"/>
    </UnitTest>
    <UnitTest name="testing / render team member - Christy" id="a7b89d30-5614-431f-b530-19c138af8b74" storage="src\App.test.js">
      <Execution id="2d0f2f5b-086a-41a8-ab7e-b09f943e92d0"/>
      <TestMethod codeBase="src\App.test.js" name="testing / render team member - Christy" className="testing"/>
    </UnitTest>
    <UnitTest name="testing / render Christy Description" id="cc045e7d-f120-4f23-be60-a85b6a381cb7" storage="src\App.test.js">
      <Execution id="7cc02e28-6b02-4f4d-9a48-330258400446"/>
      <TestMethod codeBase="src\App.test.js" name="testing / render Christy Description" className="testing"/>
    </UnitTest>
    <UnitTest name="testing / render Line2 of home" id="831e8b75-969d-4691-b9c1-52549e3f6d5b" storage="src\App.test.js">
      <Execution id="228bc221-40e2-4573-8ac3-e9d0df1de3ac"/>
      <TestMethod codeBase="src\App.test.js" name="testing / render Line2 of home" className="testing"/>
    </UnitTest>
    <UnitTest name="testing / render Leul Description" id="b560d22d-df28-4a62-b3aa-0f9bda7dfa92" storage="src\App.test.js">
      <Execution id="dd0a74f0-5c97-4b1b-bf13-a9177a6c6bb2"/>
      <TestMethod codeBase="src\App.test.js" name="testing / render Leul Description" className="testing"/>
    </UnitTest>
    <UnitTest name="data / render Gopi Description" id="fa4cb39a-182c-4605-ba6a-2efd28df60eb" storage="src\App.test.js">
      <Execution id="f4816e8f-f286-425f-a5de-7c56d5be36a5"/>
      <TestMethod codeBase="src\App.test.js" name="data / render Gopi Description" className="data"/>
    </UnitTest>
    <UnitTest name="data / render copyright in footer" id="558081a5-b8c7-45db-9f96-a5bd00f35291" storage="src\App.test.js">
      <Execution id="ec85cc30-ea60-44f4-9c4d-25dc248d3fa9"/>
      <TestMethod codeBase="src\App.test.js" name="data / render copyright in footer" className="data"/>
    </UnitTest>
    <UnitTest name="data / render benefit 3" id="c5010477-ea3c-4bbd-b58e-2ff248051d1e" storage="src\App.test.js">
      <Execution id="574dc352-ad2d-42ca-84e2-eec08f08123f"/>
      <TestMethod codeBase="src\App.test.js" name="data / render benefit 3" className="data"/>
    </UnitTest>
    <UnitTest name="data / render footer text - Home" id="ffef3030-2640-43f7-abf4-c0d97708e9eb" storage="src\App.test.js">
      <Execution id="3515ba60-3b5e-47ca-a2c8-755bb5e4f19d"/>
      <TestMethod codeBase="src\App.test.js" name="data / render footer text - Home" className="data"/>
    </UnitTest>
    <UnitTest name="data / render footer text - About Us" id="0f2b185b-6e0a-4be6-8e9d-7cc8a52c7552" storage="src\App.test.js">
      <Execution id="b8997fdf-d90f-4c30-9e2f-c0db34ecc4f4"/>
      <TestMethod codeBase="src\App.test.js" name="data / render footer text - About Us" className="data"/>
    </UnitTest>
    <UnitTest name="data / render footer text - How It Works" id="523773ee-03ef-4a2b-800f-85b30f38efe8" storage="src\App.test.js">
      <Execution id="ebf32c5e-b376-4b29-9e29-0dcee9f0b76d"/>
      <TestMethod codeBase="src\App.test.js" name="data / render footer text - How It Works" className="data"/>
    </UnitTest>
    <UnitTest name="Api testing / Test get started click event" id="73f6704b-30cd-420d-8ab1-a1f754c7c3c8" storage="src\App.test.js">
      <Execution id="431879d1-8f8b-4dbf-93e4-9a1c64552f9d"/>
      <TestMethod codeBase="src\App.test.js" name="Api testing / Test get started click event" className="Api testing"/>
    </UnitTest>
    <UnitTest name="Api testing / Test show more click event" id="aa6a3a5d-e94d-4897-be05-944dc981f59c" storage="src\App.test.js">
      <Execution id="bcb252b4-9ef4-496f-8efd-069f8fb31cf1"/>
      <TestMethod codeBase="src\App.test.js" name="Api testing / Test show more click event" className="Api testing"/>
    </UnitTest>
    <UnitTest name="Api testing / Test game name click event" id="c57fd2c5-89dd-4ed5-b634-9a8707686b2d" storage="src\App.test.js">
      <Execution id="9e3ea532-412c-4d24-a186-d3238917916e"/>
      <TestMethod codeBase="src\App.test.js" name="Api testing / Test game name click event" className="Api testing"/>
    </UnitTest>
    <UnitTest name="Api testing / render 'Show More' button text" id="d027b900-61b3-475f-992f-15c8df3f6da4" storage="src\App.test.js">
      <Execution id="b6fd6c1c-19e6-45dc-8792-d5a3efe0a565"/>
      <TestMethod codeBase="src\App.test.js" name="Api testing / render 'Show More' button text" className="Api testing"/>
    </UnitTest>
    <UnitTest name="Api testing / render Game button text" id="1ddd105e-bbf9-4a3c-ab6a-ee7f9f7b08e3" storage="src\App.test.js">
      <Execution id="bc1e3ac4-dc08-4316-b02b-cd90149bd0f1"/>
      <TestMethod codeBase="src\App.test.js" name="Api testing / render Game button text" className="Api testing"/>
    </UnitTest>
    <UnitTest name="Api testing / Header first" id="8e5fe22c-66aa-419c-81bb-a96634c1a3b4" storage="src\App.test.js">
      <Execution id="11529e50-34d8-4016-88d5-a58c073fbbc3"/>
      <TestMethod codeBase="src\App.test.js" name="Api testing / Header first" className="Api testing"/>
    </UnitTest>
    <UnitTest name="Api testing / Header second" id="61b3e9c9-f75e-4a2f-a17b-77c64a4dab37" storage="src\App.test.js">
      <Execution id="bd9e2d3e-7288-48cb-bb8b-0c1ca2baea54"/>
      <TestMethod codeBase="src\App.test.js" name="Api testing / Header second" className="Api testing"/>
    </UnitTest>
    <UnitTest name="Api testing / Header third" id="a3271f3a-6c8f-4552-b1c0-00f46f867805" storage="src\App.test.js">
      <Execution id="957d1f9c-d5fc-4d50-9b29-17bca48f732d"/>
      <TestMethod codeBase="src\App.test.js" name="Api testing / Header third" className="Api testing"/>
    </UnitTest>
    <UnitTest name="Api testing / Header fourth" id="d5c48d9d-1c3a-409d-b741-9f7cb867719b" storage="src\App.test.js">
      <Execution id="a1d5ddbd-5f1d-48f7-862d-b2da8df9a34d"/>
      <TestMethod codeBase="src\App.test.js" name="Api testing / Header fourth" className="Api testing"/>
    </UnitTest>
    <UnitTest name="Api testing / Header fifth" id="7ccbd781-d9ed-4000-b395-cbd725928956" storage="src\App.test.js">
      <Execution id="df16a99f-7bd5-4b37-b7ff-29c8c996840a"/>
      <TestMethod codeBase="src\App.test.js" name="Api testing / Header fifth" className="Api testing"/>
    </UnitTest>
    <UnitTest name="Api testing / Header sixth" id="40168bd6-e101-482c-a724-1e06e0dbd246" storage="src\App.test.js">
      <Execution id="124d0a6d-9957-4644-b670-d3eebff3f59f"/>
      <TestMethod codeBase="src\App.test.js" name="Api testing / Header sixth" className="Api testing"/>
    </UnitTest>
    <UnitTest name="Api testing / show more" id="4a95e660-3557-4eef-9afa-e5e3800fdb19" storage="src\App.test.js">
      <Execution id="cd782f77-efa8-4ade-8db7-34c1a00b0a7a"/>
      <TestMethod codeBase="src\App.test.js" name="Api testing / show more" className="Api testing"/>
    </UnitTest>
  </TestDefinitions>
  <TestLists>
    <TestList name="Results Not in a List" id="8c84fa94-04c1-424b-9868-57a2d4851a1d"/>
    <TestList name="All Loaded Results" id="19431567-8539-422a-85d7-44ee4e166bda"/>
  </TestLists>
  <TestEntries>
    <TestEntry testId="13481a67-411d-4ba3-95b3-fcd8597e47c3" executionId="12a451af-9b14-457a-a4ea-4cf04c816110" testListId="8c84fa94-04c1-424b-9868-57a2d4851a1d"/>
    <TestEntry testId="77e2fd30-6c79-4051-b1a2-36a0cd1a5e6b" executionId="f01e6f50-7110-4f06-92d0-773ce023fc4c" testListId="8c84fa94-04c1-424b-9868-57a2d4851a1d"/>
    <TestEntry testId="3153ef85-c732-4fe5-9be5-6a095d08bf99" executionId="4989aca1-1c57-49c4-9ae1-555984473750" testListId="8c84fa94-04c1-424b-9868-57a2d4851a1d"/>
    <TestEntry testId="9e427297-9fad-47aa-a325-d2c7b79435fd" executionId="e205a80f-8ca9-4466-8179-3d7dced0cc46" testListId="8c84fa94-04c1-424b-9868-57a2d4851a1d"/>
    <TestEntry testId="a5f12d14-6a39-4a0b-b1b5-81829fb92baf" executionId="46b4a18d-7430-4675-94b0-f59173090574" testListId="8c84fa94-04c1-424b-9868-57a2d4851a1d"/>
    <TestEntry testId="5e322ae1-fbc7-4fe4-9c23-f94b50bc6ef1" executionId="6a7c0eb0-342d-4f2a-b88c-56571aa19acd" testListId="8c84fa94-04c1-424b-9868-57a2d4851a1d"/>
    <TestEntry testId="4f49f801-217b-40a0-9ce7-838e059459b9" executionId="e95f92ed-36cc-4d94-87ba-5d70f32176c1" testListId="8c84fa94-04c1-424b-9868-57a2d4851a1d"/>
    <TestEntry testId="645bd302-322b-4252-8a50-49d920449ab3" executionId="21420241-cb73-47e5-bd6d-f9b540ab84b9" testListId="8c84fa94-04c1-424b-9868-57a2d4851a1d"/>
    <TestEntry testId="6a4b73f0-5671-46df-ac26-eba9dd39e2b3" executionId="fa0166d7-675e-4e77-a505-6bb330b1728e" testListId="8c84fa94-04c1-424b-9868-57a2d4851a1d"/>
    <TestEntry testId="c7e3d678-48ed-4791-83d9-2684fe4ece84" executionId="7d3eb331-6d70-4577-a655-1959234fb3cf" testListId="8c84fa94-04c1-424b-9868-57a2d4851a1d"/>
    <TestEntry testId="a7b89d30-5614-431f-b530-19c138af8b74" executionId="2d0f2f5b-086a-41a8-ab7e-b09f943e92d0" testListId="8c84fa94-04c1-424b-9868-57a2d4851a1d"/>
    <TestEntry testId="cc045e7d-f120-4f23-be60-a85b6a381cb7" executionId="7cc02e28-6b02-4f4d-9a48-330258400446" testListId="8c84fa94-04c1-424b-9868-57a2d4851a1d"/>
    <TestEntry testId="831e8b75-969d-4691-b9c1-52549e3f6d5b" executionId="228bc221-40e2-4573-8ac3-e9d0df1de3ac" testListId="8c84fa94-04c1-424b-9868-57a2d4851a1d"/>
    <TestEntry testId="b560d22d-df28-4a62-b3aa-0f9bda7dfa92" executionId="dd0a74f0-5c97-4b1b-bf13-a9177a6c6bb2" testListId="8c84fa94-04c1-424b-9868-57a2d4851a1d"/>
    <TestEntry testId="fa4cb39a-182c-4605-ba6a-2efd28df60eb" executionId="f4816e8f-f286-425f-a5de-7c56d5be36a5" testListId="8c84fa94-04c1-424b-9868-57a2d4851a1d"/>
    <TestEntry testId="558081a5-b8c7-45db-9f96-a5bd00f35291" executionId="ec85cc30-ea60-44f4-9c4d-25dc248d3fa9" testListId="8c84fa94-04c1-424b-9868-57a2d4851a1d"/>
    <TestEntry testId="c5010477-ea3c-4bbd-b58e-2ff248051d1e" executionId="574dc352-ad2d-42ca-84e2-eec08f08123f" testListId="8c84fa94-04c1-424b-9868-57a2d4851a1d"/>
    <TestEntry testId="ffef3030-2640-43f7-abf4-c0d97708e9eb" executionId="3515ba60-3b5e-47ca-a2c8-755bb5e4f19d" testListId="8c84fa94-04c1-424b-9868-57a2d4851a1d"/>
    <TestEntry testId="0f2b185b-6e0a-4be6-8e9d-7cc8a52c7552" executionId="b8997fdf-d90f-4c30-9e2f-c0db34ecc4f4" testListId="8c84fa94-04c1-424b-9868-57a2d4851a1d"/>
    <TestEntry testId="523773ee-03ef-4a2b-800f-85b30f38efe8" executionId="ebf32c5e-b376-4b29-9e29-0dcee9f0b76d" testListId="8c84fa94-04c1-424b-9868-57a2d4851a1d"/>
    <TestEntry testId="73f6704b-30cd-420d-8ab1-a1f754c7c3c8" executionId="431879d1-8f8b-4dbf-93e4-9a1c64552f9d" testListId="8c84fa94-04c1-424b-9868-57a2d4851a1d"/>
    <TestEntry testId="aa6a3a5d-e94d-4897-be05-944dc981f59c" executionId="bcb252b4-9ef4-496f-8efd-069f8fb31cf1" testListId="8c84fa94-04c1-424b-9868-57a2d4851a1d"/>
    <TestEntry testId="c57fd2c5-89dd-4ed5-b634-9a8707686b2d" executionId="9e3ea532-412c-4d24-a186-d3238917916e" testListId="8c84fa94-04c1-424b-9868-57a2d4851a1d"/>
    <TestEntry testId="d027b900-61b3-475f-992f-15c8df3f6da4" executionId="b6fd6c1c-19e6-45dc-8792-d5a3efe0a565" testListId="8c84fa94-04c1-424b-9868-57a2d4851a1d"/>
    <TestEntry testId="1ddd105e-bbf9-4a3c-ab6a-ee7f9f7b08e3" executionId="bc1e3ac4-dc08-4316-b02b-cd90149bd0f1" testListId="8c84fa94-04c1-424b-9868-57a2d4851a1d"/>
    <TestEntry testId="8e5fe22c-66aa-419c-81bb-a96634c1a3b4" executionId="11529e50-34d8-4016-88d5-a58c073fbbc3" testListId="8c84fa94-04c1-424b-9868-57a2d4851a1d"/>
    <TestEntry testId="61b3e9c9-f75e-4a2f-a17b-77c64a4dab37" executionId="bd9e2d3e-7288-48cb-bb8b-0c1ca2baea54" testListId="8c84fa94-04c1-424b-9868-57a2d4851a1d"/>
    <TestEntry testId="a3271f3a-6c8f-4552-b1c0-00f46f867805" executionId="957d1f9c-d5fc-4d50-9b29-17bca48f732d" testListId="8c84fa94-04c1-424b-9868-57a2d4851a1d"/>
    <TestEntry testId="d5c48d9d-1c3a-409d-b741-9f7cb867719b" executionId="a1d5ddbd-5f1d-48f7-862d-b2da8df9a34d" testListId="8c84fa94-04c1-424b-9868-57a2d4851a1d"/>
    <TestEntry testId="7ccbd781-d9ed-4000-b395-cbd725928956" executionId="df16a99f-7bd5-4b37-b7ff-29c8c996840a" testListId="8c84fa94-04c1-424b-9868-57a2d4851a1d"/>
    <TestEntry testId="40168bd6-e101-482c-a724-1e06e0dbd246" executionId="124d0a6d-9957-4644-b670-d3eebff3f59f" testListId="8c84fa94-04c1-424b-9868-57a2d4851a1d"/>
    <TestEntry testId="4a95e660-3557-4eef-9afa-e5e3800fdb19" executionId="cd782f77-efa8-4ade-8db7-34c1a00b0a7a" testListId="8c84fa94-04c1-424b-9868-57a2d4851a1d"/>
  </TestEntries>
  <Results>
    <UnitTestResult testId="13481a67-411d-4ba3-95b3-fcd8597e47c3" executionId="12a451af-9b14-457a-a4ea-4cf04c816110" testName="testing / render the About Us title" computerName="DESKTOP-I7T5DU9" duration="00:00:00.518" startTime="2021-05-03T17:56:54.433Z" endTime="2021-05-03T17:56:54.951Z" testType="13cdc9d9-ddb5-4fa4-a97d-d965ccfc6d4b" outcome="Passed" testListId="8c84fa94-04c1-424b-9868-57a2d4851a1d"/>
    <UnitTestResult testId="77e2fd30-6c79-4051-b1a2-36a0cd1a5e6b" executionId="f01e6f50-7110-4f06-92d0-773ce023fc4c" testName="testing / render text in mission" computerName="DESKTOP-I7T5DU9" duration="00:00:00.518" startTime="2021-05-03T17:56:54.951Z" endTime="2021-05-03T17:56:55.469Z" testType="13cdc9d9-ddb5-4fa4-a97d-d965ccfc6d4b" outcome="Passed" testListId="8c84fa94-04c1-424b-9868-57a2d4851a1d"/>
    <UnitTestResult testId="3153ef85-c732-4fe5-9be5-6a095d08bf99" executionId="4989aca1-1c57-49c4-9ae1-555984473750" testName="testing / render the team member section title" computerName="DESKTOP-I7T5DU9" duration="00:00:00.518" startTime="2021-05-03T17:56:55.469Z" endTime="2021-05-03T17:56:55.987Z" testType="13cdc9d9-ddb5-4fa4-a97d-d965ccfc6d4b" outcome="Passed" testListId="8c84fa94-04c1-424b-9868-57a2d4851a1d"/>
    <UnitTestResult testId="9e427297-9fad-47aa-a325-d2c7b79435fd" executionId="e205a80f-8ca9-4466-8179-3d7dced0cc46" testName="testing / render homepage text" computerName="DESKTOP-I7T5DU9" duration="00:00:00.518" startTime="2021-05-03T17:56:55.987Z" endTime="2021-05-03T17:56:56.505Z" testType="13cdc9d9-ddb5-4fa4-a97d-d965ccfc6d4b" outcome="Passed" testListId="8c84fa94-04c1-424b-9868-57a2d4851a1d"/>
    <UnitTestResult testId="a5f12d14-6a39-4a0b-b1b5-81829fb92baf" executionId="46b4a18d-7430-4675-94b0-f59173090574" testName="testing / render 'Our Story' title" computerName="DESKTOP-I7T5DU9" duration="00:00:00.518" startTime="2021-05-03T17:56:56.505Z" endTime="2021-05-03T17:56:57.023Z" testType="13cdc9d9-ddb5-4fa4-a97d-d965ccfc6d4b" outcome="Passed" testListId="8c84fa94-04c1-424b-9868-57a2d4851a1d"/>
    <UnitTestResult testId="5e322ae1-fbc7-4fe4-9c23-f94b50bc6ef1" executionId="6a7c0eb0-342d-4f2a-b88c-56571aa19acd" testName="testing / render 'Our Story' text" computerName="DESKTOP-I7T5DU9" duration="00:00:00.518" startTime="2021-05-03T17:56:57.023Z" endTime="2021-05-03T17:56:57.541Z" testType="13cdc9d9-ddb5-4fa4-a97d-d965ccfc6d4b" outcome="Passed" testListId="8c84fa94-04c1-424b-9868-57a2d4851a1d"/>
    <UnitTestResult testId="4f49f801-217b-40a0-9ce7-838e059459b9" executionId="e95f92ed-36cc-4d94-87ba-5d70f32176c1" testName="testing / render 'How It Works' title" computerName="DESKTOP-I7T5DU9" duration="00:00:00.518" startTime="2021-05-03T17:56:57.541Z" endTime="2021-05-03T17:56:58.059Z" testType="13cdc9d9-ddb5-4fa4-a97d-d965ccfc6d4b" outcome="Passed" testListId="8c84fa94-04c1-424b-9868-57a2d4851a1d"/>
    <UnitTestResult testId="645bd302-322b-4252-8a50-49d920449ab3" executionId="21420241-cb73-47e5-bd6d-f9b540ab84b9" testName="testing / render team member - Gopi" computerName="DESKTOP-I7T5DU9" duration="00:00:00.518" startTime="2021-05-03T17:56:58.059Z" endTime="2021-05-03T17:56:58.577Z" testType="13cdc9d9-ddb5-4fa4-a97d-d965ccfc6d4b" outcome="Passed" testListId="8c84fa94-04c1-424b-9868-57a2d4851a1d"/>
    <UnitTestResult testId="6a4b73f0-5671-46df-ac26-eba9dd39e2b3" executionId="fa0166d7-675e-4e77-a505-6bb330b1728e" testName="testing / render team member - Phuong" computerName="DESKTOP-I7T5DU9" duration="00:00:00.518" startTime="2021-05-03T17:56:58.577Z" endTime="2021-05-03T17:56:59.095Z" testType="13cdc9d9-ddb5-4fa4-a97d-d965ccfc6d4b" outcome="Passed" testListId="8c84fa94-04c1-424b-9868-57a2d4851a1d"/>
    <UnitTestResult testId="c7e3d678-48ed-4791-83d9-2684fe4ece84" executionId="7d3eb331-6d70-4577-a655-1959234fb3cf" testName="testing / render team member - Leul" computerName="DESKTOP-I7T5DU9" duration="00:00:00.518" startTime="2021-05-03T17:56:59.095Z" endTime="2021-05-03T17:56:59.613Z" testType="13cdc9d9-ddb5-4fa4-a97d-d965ccfc6d4b" outcome="Passed" testListId="8c84fa94-04c1-424b-9868-57a2d4851a1d"/>
    <UnitTestResult testId="a7b89d30-5614-431f-b530-19c138af8b74" executionId="2d0f2f5b-086a-41a8-ab7e-b09f943e92d0" testName="testing / render team member - Christy" computerName="DESKTOP-I7T5DU9" duration="00:00:00.518" startTime="2021-05-03T17:56:59.613Z" endTime="2021-05-03T17:57:00.131Z" testType="13cdc9d9-ddb5-4fa4-a97d-d965ccfc6d4b" outcome="Passed" testListId="8c84fa94-04c1-424b-9868-57a2d4851a1d"/>
    <UnitTestResult testId="cc045e7d-f120-4f23-be60-a85b6a381cb7" executionId="7cc02e28-6b02-4f4d-9a48-330258400446" testName="testing / render Christy Description" computerName="DESKTOP-I7T5DU9" duration="00:00:00.518" startTime="2021-05-03T17:57:00.131Z" endTime="2021-05-03T17:57:00.649Z" testType="13cdc9d9-ddb5-4fa4-a97d-d965ccfc6d4b" outcome="Passed" testListId="8c84fa94-04c1-424b-9868-57a2d4851a1d"/>
    <UnitTestResult testId="831e8b75-969d-4691-b9c1-52549e3f6d5b" executionId="228bc221-40e2-4573-8ac3-e9d0df1de3ac" testName="testing / render Line2 of home" computerName="DESKTOP-I7T5DU9" duration="00:00:00.518" startTime="2021-05-03T17:57:00.649Z" endTime="2021-05-03T17:57:01.167Z" testType="13cdc9d9-ddb5-4fa4-a97d-d965ccfc6d4b" outcome="Passed" testListId="8c84fa94-04c1-424b-9868-57a2d4851a1d"/>
    <UnitTestResult testId="b560d22d-df28-4a62-b3aa-0f9bda7dfa92" executionId="dd0a74f0-5c97-4b1b-bf13-a9177a6c6bb2" testName="testing / render Leul Description" computerName="DESKTOP-I7T5DU9" duration="00:00:00.518" startTime="2021-05-03T17:57:01.167Z" endTime="2021-05-03T17:57:01.685Z" testType="13cdc9d9-ddb5-4fa4-a97d-d965ccfc6d4b" outcome="Passed" testListId="8c84fa94-04c1-424b-9868-57a2d4851a1d"/>
    <UnitTestResult testId="fa4cb39a-182c-4605-ba6a-2efd28df60eb" executionId="f4816e8f-f286-425f-a5de-7c56d5be36a5" testName="data / render Gopi Description" computerName="DESKTOP-I7T5DU9" duration="00:00:00.518" startTime="2021-05-03T17:57:01.685Z" endTime="2021-05-03T17:57:02.203Z" testType="13cdc9d9-ddb5-4fa4-a97d-d965ccfc6d4b" outcome="Passed" testListId="8c84fa94-04c1-424b-9868-57a2d4851a1d"/>
    <UnitTestResult testId="558081a5-b8c7-45db-9f96-a5bd00f35291" executionId="ec85cc30-ea60-44f4-9c4d-25dc248d3fa9" testName="data / render copyright in footer" computerName="DESKTOP-I7T5DU9" duration="00:00:00.518" startTime="2021-05-03T17:57:02.203Z" endTime="2021-05-03T17:57:02.721Z" testType="13cdc9d9-ddb5-4fa4-a97d-d965ccfc6d4b" outcome="Passed" testListId="8c84fa94-04c1-424b-9868-57a2d4851a1d"/>
    <UnitTestResult testId="c5010477-ea3c-4bbd-b58e-2ff248051d1e" executionId="574dc352-ad2d-42ca-84e2-eec08f08123f" testName="data / render benefit 3" computerName="DESKTOP-I7T5DU9" duration="00:00:00.518" startTime="2021-05-03T17:57:02.721Z" endTime="2021-05-03T17:57:03.239Z" testType="13cdc9d9-ddb5-4fa4-a97d-d965ccfc6d4b" outcome="Passed" testListId="8c84fa94-04c1-424b-9868-57a2d4851a1d"/>
    <UnitTestResult testId="ffef3030-2640-43f7-abf4-c0d97708e9eb" executionId="3515ba60-3b5e-47ca-a2c8-755bb5e4f19d" testName="data / render footer text - Home" computerName="DESKTOP-I7T5DU9" duration="00:00:00.518" startTime="2021-05-03T17:57:03.239Z" endTime="2021-05-03T17:57:03.757Z" testType="13cdc9d9-ddb5-4fa4-a97d-d965ccfc6d4b" outcome="Passed" testListId="8c84fa94-04c1-424b-9868-57a2d4851a1d"/>
    <UnitTestResult testId="0f2b185b-6e0a-4be6-8e9d-7cc8a52c7552" executionId="b8997fdf-d90f-4c30-9e2f-c0db34ecc4f4" testName="data / render footer text - About Us" computerName="DESKTOP-I7T5DU9" duration="00:00:00.518" startTime="2021-05-03T17:57:03.757Z" endTime="2021-05-03T17:57:04.275Z" testType="13cdc9d9-ddb5-4fa4-a97d-d965ccfc6d4b" outcome="Passed" testListId="8c84fa94-04c1-424b-9868-57a2d4851a1d"/>
    <UnitTestResult testId="523773ee-03ef-4a2b-800f-85b30f38efe8" executionId="ebf32c5e-b376-4b29-9e29-0dcee9f0b76d" testName="data / render footer text - How It Works" computerName="DESKTOP-I7T5DU9" duration="00:00:00.518" startTime="2021-05-03T17:57:04.275Z" endTime="2021-05-03T17:57:04.793Z" testType="13cdc9d9-ddb5-4fa4-a97d-d965ccfc6d4b" outcome="Passed" testListId="8c84fa94-04c1-424b-9868-57a2d4851a1d"/>
    <UnitTestResult testId="73f6704b-30cd-420d-8ab1-a1f754c7c3c8" executionId="431879d1-8f8b-4dbf-93e4-9a1c64552f9d" testName="Api testing / Test get started click event" computerName="DESKTOP-I7T5DU9" duration="00:00:00.518" startTime="2021-05-03T17:57:04.793Z" endTime="2021-05-03T17:57:05.311Z" testType="13cdc9d9-ddb5-4fa4-a97d-d965ccfc6d4b" outcome="Passed" testListId="8c84fa94-04c1-424b-9868-57a2d4851a1d"/>
    <UnitTestResult testId="aa6a3a5d-e94d-4897-be05-944dc981f59c" executionId="bcb252b4-9ef4-496f-8efd-069f8fb31cf1" testName="Api testing / Test show more click event" computerName="DESKTOP-I7T5DU9" duration="00:00:00.518" startTime="2021-05-03T17:57:05.311Z" endTime="2021-05-03T17:57:05.829Z" testType="13cdc9d9-ddb5-4fa4-a97d-d965ccfc6d4b" outcome="Passed" testListId="8c84fa94-04c1-424b-9868-57a2d4851a1d"/>
    <UnitTestResult testId="c57fd2c5-89dd-4ed5-b634-9a8707686b2d" executionId="9e3ea532-412c-4d24-a186-d3238917916e" testName="Api testing / Test game name click event" computerName="DESKTOP-I7T5DU9" duration="00:00:00.518" startTime="2021-05-03T17:57:05.829Z" endTime="2021-05-03T17:57:06.347Z" testType="13cdc9d9-ddb5-4fa4-a97d-d965ccfc6d4b" outcome="Passed" testListId="8c84fa94-04c1-424b-9868-57a2d4851a1d"/>
    <UnitTestResult testId="d027b900-61b3-475f-992f-15c8df3f6da4" executionId="b6fd6c1c-19e6-45dc-8792-d5a3efe0a565" testName="Api testing / render 'Show More' button text" computerName="DESKTOP-I7T5DU9" duration="00:00:00.518" startTime="2021-05-03T17:57:06.347Z" endTime="2021-05-03T17:57:06.865Z" testType="13cdc9d9-ddb5-4fa4-a97d-d965ccfc6d4b" outcome="Passed" testListId="8c84fa94-04c1-424b-9868-57a2d4851a1d"/>
    <UnitTestResult testId="1ddd105e-bbf9-4a3c-ab6a-ee7f9f7b08e3" executionId="bc1e3ac4-dc08-4316-b02b-cd90149bd0f1" testName="Api testing / render Game button text" computerName="DESKTOP-I7T5DU9" duration="00:00:00.518" startTime="2021-05-03T17:57:06.865Z" endTime="2021-05-03T17:57:07.383Z" testType="13cdc9d9-ddb5-4fa4-a97d-d965ccfc6d4b" outcome="Passed" testListId="8c84fa94-04c1-424b-9868-57a2d4851a1d"/>
    <UnitTestResult testId="8e5fe22c-66aa-419c-81bb-a96634c1a3b4" executionId="11529e50-34d8-4016-88d5-a58c073fbbc3" testName="Api testing / Header first" computerName="DESKTOP-I7T5DU9" duration="00:00:00.518" startTime="2021-05-03T17:57:07.383Z" endTime="2021-05-03T17:57:07.901Z" testType="13cdc9d9-ddb5-4fa4-a97d-d965ccfc6d4b" outcome="Passed" testListId="8c84fa94-04c1-424b-9868-57a2d4851a1d"/>
    <UnitTestResult testId="61b3e9c9-f75e-4a2f-a17b-77c64a4dab37" executionId="bd9e2d3e-7288-48cb-bb8b-0c1ca2baea54" testName="Api testing / Header second" computerName="DESKTOP-I7T5DU9" duration="00:00:00.518" startTime="2021-05-03T17:57:07.901Z" endTime="2021-05-03T17:57:08.419Z" testType="13cdc9d9-ddb5-4fa4-a97d-d965ccfc6d4b" outcome="Passed" testListId="8c84fa94-04c1-424b-9868-57a2d4851a1d"/>
    <UnitTestResult testId="a3271f3a-6c8f-4552-b1c0-00f46f867805" executionId="957d1f9c-d5fc-4d50-9b29-17bca48f732d" testName="Api testing / Header third" computerName="DESKTOP-I7T5DU9" duration="00:00:00.518" startTime="2021-05-03T17:57:08.419Z" endTime="2021-05-03T17:57:08.937Z" testType="13cdc9d9-ddb5-4fa4-a97d-d965ccfc6d4b" outcome="Passed" testListId="8c84fa94-04c1-424b-9868-57a2d4851a1d"/>
    <UnitTestResult testId="d5c48d9d-1c3a-409d-b741-9f7cb867719b" executionId="a1d5ddbd-5f1d-48f7-862d-b2da8df9a34d" testName="Api testing / Header fourth" computerName="DESKTOP-I7T5DU9" duration="00:00:00.518" startTime="2021-05-03T17:57:08.937Z" endTime="2021-05-03T17:57:09.455Z" testType="13cdc9d9-ddb5-4fa4-a97d-d965ccfc6d4b" outcome="Passed" testListId="8c84fa94-04c1-424b-9868-57a2d4851a1d"/>
    <UnitTestResult testId="7ccbd781-d9ed-4000-b395-cbd725928956" executionId="df16a99f-7bd5-4b37-b7ff-29c8c996840a" testName="Api testing / Header fifth" computerName="DESKTOP-I7T5DU9" duration="00:00:00.518" startTime="2021-05-03T17:57:09.455Z" endTime="2021-05-03T17:57:09.973Z" testType="13cdc9d9-ddb5-4fa4-a97d-d965ccfc6d4b" outcome="Passed" testListId="8c84fa94-04c1-424b-9868-57a2d4851a1d"/>
    <UnitTestResult testId="40168bd6-e101-482c-a724-1e06e0dbd246" executionId="124d0a6d-9957-4644-b670-d3eebff3f59f" testName="Api testing / Header sixth" computerName="DESKTOP-I7T5DU9" duration="00:00:00.518" startTime="2021-05-03T17:57:09.973Z" endTime="2021-05-03T17:57:10.491Z" testType="13cdc9d9-ddb5-4fa4-a97d-d965ccfc6d4b" outcome="Passed" testListId="8c84fa94-04c1-424b-9868-57a2d4851a1d"/>
    <UnitTestResult testId="4a95e660-3557-4eef-9afa-e5e3800fdb19" executionId="cd782f77-efa8-4ade-8db7-34c1a00b0a7a" testName="Api testing / show more" computerName="DESKTOP-I7T5DU9" duration="00:00:00.518" startTime="2021-05-03T17:57:10.491Z" endTime="2021-05-03T17:57:11.009Z" testType="13cdc9d9-ddb5-4fa4-a97d-d965ccfc6d4b" outcome="Passed" testListId="8c84fa94-04c1-424b-9868-57a2d4851a1d"/>
  </Results>
</TestRun>