<?xml version="1.0" encoding="UTF-8"?>
<TestRun id="46234fbb-8ba8-47db-8638-6bfe8f1baced" name="gopi@DESKTOP-I7T5DU9 2021-04-03T01:38:36.001Z" runUser="gopi" xmlns="http://microsoft.com/schemas/VisualStudio/TeamTest/2010">
  <TestSettings name="Jest test run" id="21ed3ed0-003e-4c16-8998-8770c68b4197"/>
  <Times creation="2021-04-03T01:38:36.001Z" queuing="2021-04-03T01:38:36.001Z" start="2021-04-03T01:38:36.001Z" finish="2021-04-03T01:38:36.001Z"/>
  <ResultSummary outcome="Failed">
    <Counters total="18" executed="18" passed="17" failed="1" error="0"/>
  </ResultSummary>
  <TestDefinitions>
    <UnitTest name="testing / render the About Us title" id="a1129673-7d81-4926-852d-10f222e926ad" storage="src\App.test.js">
      <Execution id="5a12e4b3-e4f9-4641-b963-77e00e53695b"/>
      <TestMethod codeBase="src\App.test.js" name="testing / render the About Us title" className="testing"/>
    </UnitTest>
    <UnitTest name="testing / render text in mission" id="2e49daf8-f7c1-42a8-ad24-98c9eb583139" storage="src\App.test.js">
      <Execution id="a7d2ec06-d9dd-465b-80e9-c66d4d8b7cd4"/>
      <TestMethod codeBase="src\App.test.js" name="testing / render text in mission" className="testing"/>
    </UnitTest>
    <UnitTest name="testing / render the team member section title" id="75a12c75-34e1-46af-9b71-f79b19d586d8" storage="src\App.test.js">
      <Execution id="333a3a1f-c9c2-4f70-973e-d79de0e9edaa"/>
      <TestMethod codeBase="src\App.test.js" name="testing / render the team member section title" className="testing"/>
    </UnitTest>
    <UnitTest name="testing / render homepage text" id="1a979689-0897-4ff8-b871-979a19e2bdb5" storage="src\App.test.js">
      <Execution id="dd06eebc-fb1b-4953-8e97-119dbeb9a0f9"/>
      <TestMethod codeBase="src\App.test.js" name="testing / render homepage text" className="testing"/>
    </UnitTest>
    <UnitTest name="testing / render footer text - Home" id="3ab2f6a6-8533-4c8a-ba21-727fea3c987e" storage="src\App.test.js">
      <Execution id="6bb608db-0318-43b1-947c-1d15f8ff6668"/>
      <TestMethod codeBase="src\App.test.js" name="testing / render footer text - Home" className="testing"/>
    </UnitTest>
    <UnitTest name="testing / render footer text - About Us" id="7df6af87-18b2-4ae5-9859-b53ef7057dc2" storage="src\App.test.js">
      <Execution id="f942160a-fd27-4b60-a609-22f72643b171"/>
      <TestMethod codeBase="src\App.test.js" name="testing / render footer text - About Us" className="testing"/>
    </UnitTest>
    <UnitTest name="testing / render footer text - How It Works" id="9fd2a405-bab6-4f1c-a030-484021bc4eaa" storage="src\App.test.js">
      <Execution id="152a203a-a726-4355-ac3e-758e0d1d327c"/>
      <TestMethod codeBase="src\App.test.js" name="testing / render footer text - How It Works" className="testing"/>
    </UnitTest>
    <UnitTest name="testing / render 'Our Story' title" id="5e97c693-95dc-41ac-8fc6-60bf818dfa66" storage="src\App.test.js">
      <Execution id="4f984a4a-789f-4f20-a60f-984f6e56353c"/>
      <TestMethod codeBase="src\App.test.js" name="testing / render 'Our Story' title" className="testing"/>
    </UnitTest>
    <UnitTest name="testing / render 'Our Story' text" id="29512be7-0c52-4dbd-85ff-aca64918cd1a" storage="src\App.test.js">
      <Execution id="0269c15b-9ede-4f76-944e-9822971ade72"/>
      <TestMethod codeBase="src\App.test.js" name="testing / render 'Our Story' text" className="testing"/>
    </UnitTest>
    <UnitTest name="testing / render 'How It Works' title" id="c264a633-d90f-43ec-8471-279cfe9cd9ad" storage="src\App.test.js">
      <Execution id="a19e0772-75e6-4d40-9dce-c41f28f36a9e"/>
      <TestMethod codeBase="src\App.test.js" name="testing / render 'How It Works' title" className="testing"/>
    </UnitTest>
    <UnitTest name="testing / render team member - Gopi" id="f3dc26aa-d563-45ac-830a-94f0490d4a98" storage="src\App.test.js">
      <Execution id="dab4edb8-72cf-48e9-ad94-f5f5d8861e8d"/>
      <TestMethod codeBase="src\App.test.js" name="testing / render team member - Gopi" className="testing"/>
    </UnitTest>
    <UnitTest name="testing / render team member - Phuong" id="4b205a93-9871-4daf-88e7-aadd785a1a76" storage="src\App.test.js">
      <Execution id="32a3b23e-be5a-4671-a04c-bee71306a769"/>
      <TestMethod codeBase="src\App.test.js" name="testing / render team member - Phuong" className="testing"/>
    </UnitTest>
    <UnitTest name="testing / render team member - Leul" id="4f80f94c-1848-40f9-8ed0-fe66ad55f472" storage="src\App.test.js">
      <Execution id="1259de0f-6646-4559-8b24-1ec956743ba4"/>
      <TestMethod codeBase="src\App.test.js" name="testing / render team member - Leul" className="testing"/>
    </UnitTest>
    <UnitTest name="testing / render team member - Christy" id="dacc1917-69cd-4b3b-bee7-0c2f151ccdc2" storage="src\App.test.js">
      <Execution id="14b80511-c5d7-4e4e-8ac2-8a238b583b48"/>
      <TestMethod codeBase="src\App.test.js" name="testing / render team member - Christy" className="testing"/>
    </UnitTest>
    <UnitTest name="testing / render Christy Description" id="5a83b990-aea0-47b4-9c10-db39edaa8e4b" storage="src\App.test.js">
      <Execution id="af5a0527-2f1f-4bb7-8c42-265fa1b20975"/>
      <TestMethod codeBase="src\App.test.js" name="testing / render Christy Description" className="testing"/>
    </UnitTest>
    <UnitTest name="testing / render Line2 of home" id="c3dc8b70-8a34-4b6b-b4b8-25c9c22c7fcc" storage="src\App.test.js">
      <Execution id="e5d15714-f436-43e0-a8fa-cbbbc1e54549"/>
      <TestMethod codeBase="src\App.test.js" name="testing / render Line2 of home" className="testing"/>
    </UnitTest>
    <UnitTest name="testing / render Leul Description" id="14c08336-0c7b-4cb3-bd25-f2854db3766a" storage="src\App.test.js">
      <Execution id="e7cd3d9a-9e1a-45fd-8852-9a4d014413be"/>
      <TestMethod codeBase="src\App.test.js" name="testing / render Leul Description" className="testing"/>
    </UnitTest>
    <UnitTest name="testing / render Gopi Description" id="0b5635ec-2fb8-4b51-9037-5a96ade9c58b" storage="src\App.test.js">
      <Execution id="1d0bea5e-aa08-49d6-8751-8ea2939ad489"/>
      <TestMethod codeBase="src\App.test.js" name="testing / render Gopi Description" className="testing"/>
    </UnitTest>
  </TestDefinitions>
  <TestLists>
    <TestList name="Results Not in a List" id="8c84fa94-04c1-424b-9868-57a2d4851a1d"/>
    <TestList name="All Loaded Results" id="19431567-8539-422a-85d7-44ee4e166bda"/>
  </TestLists>
  <TestEntries>
    <TestEntry testId="a1129673-7d81-4926-852d-10f222e926ad" executionId="5a12e4b3-e4f9-4641-b963-77e00e53695b" testListId="8c84fa94-04c1-424b-9868-57a2d4851a1d"/>
    <TestEntry testId="2e49daf8-f7c1-42a8-ad24-98c9eb583139" executionId="a7d2ec06-d9dd-465b-80e9-c66d4d8b7cd4" testListId="8c84fa94-04c1-424b-9868-57a2d4851a1d"/>
    <TestEntry testId="75a12c75-34e1-46af-9b71-f79b19d586d8" executionId="333a3a1f-c9c2-4f70-973e-d79de0e9edaa" testListId="8c84fa94-04c1-424b-9868-57a2d4851a1d"/>
    <TestEntry testId="1a979689-0897-4ff8-b871-979a19e2bdb5" executionId="dd06eebc-fb1b-4953-8e97-119dbeb9a0f9" testListId="8c84fa94-04c1-424b-9868-57a2d4851a1d"/>
    <TestEntry testId="3ab2f6a6-8533-4c8a-ba21-727fea3c987e" executionId="6bb608db-0318-43b1-947c-1d15f8ff6668" testListId="8c84fa94-04c1-424b-9868-57a2d4851a1d"/>
    <TestEntry testId="7df6af87-18b2-4ae5-9859-b53ef7057dc2" executionId="f942160a-fd27-4b60-a609-22f72643b171" testListId="8c84fa94-04c1-424b-9868-57a2d4851a1d"/>
    <TestEntry testId="9fd2a405-bab6-4f1c-a030-484021bc4eaa" executionId="152a203a-a726-4355-ac3e-758e0d1d327c" testListId="8c84fa94-04c1-424b-9868-57a2d4851a1d"/>
    <TestEntry testId="5e97c693-95dc-41ac-8fc6-60bf818dfa66" executionId="4f984a4a-789f-4f20-a60f-984f6e56353c" testListId="8c84fa94-04c1-424b-9868-57a2d4851a1d"/>
    <TestEntry testId="29512be7-0c52-4dbd-85ff-aca64918cd1a" executionId="0269c15b-9ede-4f76-944e-9822971ade72" testListId="8c84fa94-04c1-424b-9868-57a2d4851a1d"/>
    <TestEntry testId="c264a633-d90f-43ec-8471-279cfe9cd9ad" executionId="a19e0772-75e6-4d40-9dce-c41f28f36a9e" testListId="8c84fa94-04c1-424b-9868-57a2d4851a1d"/>
    <TestEntry testId="f3dc26aa-d563-45ac-830a-94f0490d4a98" executionId="dab4edb8-72cf-48e9-ad94-f5f5d8861e8d" testListId="8c84fa94-04c1-424b-9868-57a2d4851a1d"/>
    <TestEntry testId="4b205a93-9871-4daf-88e7-aadd785a1a76" executionId="32a3b23e-be5a-4671-a04c-bee71306a769" testListId="8c84fa94-04c1-424b-9868-57a2d4851a1d"/>
    <TestEntry testId="4f80f94c-1848-40f9-8ed0-fe66ad55f472" executionId="1259de0f-6646-4559-8b24-1ec956743ba4" testListId="8c84fa94-04c1-424b-9868-57a2d4851a1d"/>
    <TestEntry testId="dacc1917-69cd-4b3b-bee7-0c2f151ccdc2" executionId="14b80511-c5d7-4e4e-8ac2-8a238b583b48" testListId="8c84fa94-04c1-424b-9868-57a2d4851a1d"/>
    <TestEntry testId="5a83b990-aea0-47b4-9c10-db39edaa8e4b" executionId="af5a0527-2f1f-4bb7-8c42-265fa1b20975" testListId="8c84fa94-04c1-424b-9868-57a2d4851a1d"/>
    <TestEntry testId="c3dc8b70-8a34-4b6b-b4b8-25c9c22c7fcc" executionId="e5d15714-f436-43e0-a8fa-cbbbc1e54549" testListId="8c84fa94-04c1-424b-9868-57a2d4851a1d"/>
    <TestEntry testId="14c08336-0c7b-4cb3-bd25-f2854db3766a" executionId="e7cd3d9a-9e1a-45fd-8852-9a4d014413be" testListId="8c84fa94-04c1-424b-9868-57a2d4851a1d"/>
    <TestEntry testId="0b5635ec-2fb8-4b51-9037-5a96ade9c58b" executionId="1d0bea5e-aa08-49d6-8751-8ea2939ad489" testListId="8c84fa94-04c1-424b-9868-57a2d4851a1d"/>
  </TestEntries>
  <Results>
    <UnitTestResult testId="a1129673-7d81-4926-852d-10f222e926ad" executionId="5a12e4b3-e4f9-4641-b963-77e00e53695b" testName="testing / render the About Us title" computerName="DESKTOP-I7T5DU9" duration="00:00:01.655" startTime="2021-04-03T01:38:55.907Z" endTime="2021-04-03T01:38:57.562Z" testType="13cdc9d9-ddb5-4fa4-a97d-d965ccfc6d4b" outcome="Passed" testListId="8c84fa94-04c1-424b-9868-57a2d4851a1d"/>
    <UnitTestResult testId="2e49daf8-f7c1-42a8-ad24-98c9eb583139" executionId="a7d2ec06-d9dd-465b-80e9-c66d4d8b7cd4" testName="testing / render text in mission" computerName="DESKTOP-I7T5DU9" duration="00:00:01.655" startTime="2021-04-03T01:38:57.562Z" endTime="2021-04-03T01:38:59.217Z" testType="13cdc9d9-ddb5-4fa4-a97d-d965ccfc6d4b" outcome="Passed" testListId="8c84fa94-04c1-424b-9868-57a2d4851a1d"/>
    <UnitTestResult testId="75a12c75-34e1-46af-9b71-f79b19d586d8" executionId="333a3a1f-c9c2-4f70-973e-d79de0e9edaa" testName="testing / render the team member section title" computerName="DESKTOP-I7T5DU9" duration="00:00:01.655" startTime="2021-04-03T01:38:59.217Z" endTime="2021-04-03T01:39:00.872Z" testType="13cdc9d9-ddb5-4fa4-a97d-d965ccfc6d4b" outcome="Passed" testListId="8c84fa94-04c1-424b-9868-57a2d4851a1d"/>
    <UnitTestResult testId="1a979689-0897-4ff8-b871-979a19e2bdb5" executionId="dd06eebc-fb1b-4953-8e97-119dbeb9a0f9" testName="testing / render homepage text" computerName="DESKTOP-I7T5DU9" duration="00:00:01.655" startTime="2021-04-03T01:39:00.872Z" endTime="2021-04-03T01:39:02.527Z" testType="13cdc9d9-ddb5-4fa4-a97d-d965ccfc6d4b" outcome="Passed" testListId="8c84fa94-04c1-424b-9868-57a2d4851a1d"/>
    <UnitTestResult testId="3ab2f6a6-8533-4c8a-ba21-727fea3c987e" executionId="6bb608db-0318-43b1-947c-1d15f8ff6668" testName="testing / render footer text - Home" computerName="DESKTOP-I7T5DU9" duration="00:00:01.655" startTime="2021-04-03T01:39:02.527Z" endTime="2021-04-03T01:39:04.182Z" testType="13cdc9d9-ddb5-4fa4-a97d-d965ccfc6d4b" outcome="Passed" testListId="8c84fa94-04c1-424b-9868-57a2d4851a1d"/>
    <UnitTestResult testId="7df6af87-18b2-4ae5-9859-b53ef7057dc2" executionId="f942160a-fd27-4b60-a609-22f72643b171" testName="testing / render footer text - About Us" computerName="DESKTOP-I7T5DU9" duration="00:00:01.655" startTime="2021-04-03T01:39:04.182Z" endTime="2021-04-03T01:39:05.837Z" testType="13cdc9d9-ddb5-4fa4-a97d-d965ccfc6d4b" outcome="Passed" testListId="8c84fa94-04c1-424b-9868-57a2d4851a1d"/>
    <UnitTestResult testId="9fd2a405-bab6-4f1c-a030-484021bc4eaa" executionId="152a203a-a726-4355-ac3e-758e0d1d327c" testName="testing / render footer text - How It Works" computerName="DESKTOP-I7T5DU9" duration="00:00:01.655" startTime="2021-04-03T01:39:05.837Z" endTime="2021-04-03T01:39:07.492Z" testType="13cdc9d9-ddb5-4fa4-a97d-d965ccfc6d4b" outcome="Passed" testListId="8c84fa94-04c1-424b-9868-57a2d4851a1d"/>
    <UnitTestResult testId="5e97c693-95dc-41ac-8fc6-60bf818dfa66" executionId="4f984a4a-789f-4f20-a60f-984f6e56353c" testName="testing / render 'Our Story' title" computerName="DESKTOP-I7T5DU9" duration="00:00:01.655" startTime="2021-04-03T01:39:07.492Z" endTime="2021-04-03T01:39:09.147Z" testType="13cdc9d9-ddb5-4fa4-a97d-d965ccfc6d4b" outcome="Passed" testListId="8c84fa94-04c1-424b-9868-57a2d4851a1d"/>
    <UnitTestResult testId="29512be7-0c52-4dbd-85ff-aca64918cd1a" executionId="0269c15b-9ede-4f76-944e-9822971ade72" testName="testing / render 'Our Story' text" computerName="DESKTOP-I7T5DU9" duration="00:00:01.655" startTime="2021-04-03T01:39:09.147Z" endTime="2021-04-03T01:39:10.802Z" testType="13cdc9d9-ddb5-4fa4-a97d-d965ccfc6d4b" outcome="Passed" testListId="8c84fa94-04c1-424b-9868-57a2d4851a1d"/>
    <UnitTestResult testId="c264a633-d90f-43ec-8471-279cfe9cd9ad" executionId="a19e0772-75e6-4d40-9dce-c41f28f36a9e" testName="testing / render 'How It Works' title" computerName="DESKTOP-I7T5DU9" duration="00:00:01.655" startTime="2021-04-03T01:39:10.802Z" endTime="2021-04-03T01:39:12.457Z" testType="13cdc9d9-ddb5-4fa4-a97d-d965ccfc6d4b" outcome="Passed" testListId="8c84fa94-04c1-424b-9868-57a2d4851a1d"/>
    <UnitTestResult testId="f3dc26aa-d563-45ac-830a-94f0490d4a98" executionId="dab4edb8-72cf-48e9-ad94-f5f5d8861e8d" testName="testing / render team member - Gopi" computerName="DESKTOP-I7T5DU9" duration="00:00:01.655" startTime="2021-04-03T01:39:12.457Z" endTime="2021-04-03T01:39:14.112Z" testType="13cdc9d9-ddb5-4fa4-a97d-d965ccfc6d4b" outcome="Passed" testListId="8c84fa94-04c1-424b-9868-57a2d4851a1d"/>
    <UnitTestResult testId="4b205a93-9871-4daf-88e7-aadd785a1a76" executionId="32a3b23e-be5a-4671-a04c-bee71306a769" testName="testing / render team member - Phuong" computerName="DESKTOP-I7T5DU9" duration="00:00:01.655" startTime="2021-04-03T01:39:14.112Z" endTime="2021-04-03T01:39:15.767Z" testType="13cdc9d9-ddb5-4fa4-a97d-d965ccfc6d4b" outcome="Passed" testListId="8c84fa94-04c1-424b-9868-57a2d4851a1d"/>
    <UnitTestResult testId="4f80f94c-1848-40f9-8ed0-fe66ad55f472" executionId="1259de0f-6646-4559-8b24-1ec956743ba4" testName="testing / render team member - Leul" computerName="DESKTOP-I7T5DU9" duration="00:00:01.655" startTime="2021-04-03T01:39:15.767Z" endTime="2021-04-03T01:39:17.422Z" testType="13cdc9d9-ddb5-4fa4-a97d-d965ccfc6d4b" outcome="Passed" testListId="8c84fa94-04c1-424b-9868-57a2d4851a1d"/>
    <UnitTestResult testId="dacc1917-69cd-4b3b-bee7-0c2f151ccdc2" executionId="14b80511-c5d7-4e4e-8ac2-8a238b583b48" testName="testing / render team member - Christy" computerName="DESKTOP-I7T5DU9" duration="00:00:01.655" startTime="2021-04-03T01:39:17.422Z" endTime="2021-04-03T01:39:19.077Z" testType="13cdc9d9-ddb5-4fa4-a97d-d965ccfc6d4b" outcome="Passed" testListId="8c84fa94-04c1-424b-9868-57a2d4851a1d"/>
    <UnitTestResult testId="5a83b990-aea0-47b4-9c10-db39edaa8e4b" executionId="af5a0527-2f1f-4bb7-8c42-265fa1b20975" testName="testing / render Christy Description" computerName="DESKTOP-I7T5DU9" duration="00:00:01.655" startTime="2021-04-03T01:39:19.077Z" endTime="2021-04-03T01:39:20.732Z" testType="13cdc9d9-ddb5-4fa4-a97d-d965ccfc6d4b" outcome="Failed" testListId="8c84fa94-04c1-424b-9868-57a2d4851a1d">
      <Output>
        <ErrorInfo>
          <Message>Error: [2mexpect([22m[31mreceived[39m[2m).[22mtoContain[2m([22m[32mexpected[39m[2m) // indexOf[22m

Expected substring: [32m"Tek"[39m
Received string:    [31m"Team Leader"[39m
    at Object.&lt;anonymous&gt; (C:\Users\gopi\my-app\src\App.test.js:112:50)
    at Object.asyncJestTest (C:\Users\gopi\my-app\node_modules\jest-jasmine2\build\jasmineAsyncInstall.js:106:37)
    at C:\Users\gopi\my-app\node_modules\jest-jasmine2\build\queueRunner.js:45:12
    at new Promise (&lt;anonymous&gt;)
    at mapper (C:\Users\gopi\my-app\node_modules\jest-jasmine2\build\queueRunner.js:28:19)
    at C:\Users\gopi\my-app\node_modules\jest-jasmine2\build\queueRunner.js:75:41
    at processTicksAndRejections (internal/process/task_queues.js:97:5)</Message>
        </ErrorInfo>
      </Output>
    </UnitTestResult>
    <UnitTestResult testId="c3dc8b70-8a34-4b6b-b4b8-25c9c22c7fcc" executionId="e5d15714-f436-43e0-a8fa-cbbbc1e54549" testName="testing / render Line2 of home" computerName="DESKTOP-I7T5DU9" duration="00:00:01.655" startTime="2021-04-03T01:39:20.732Z" endTime="2021-04-03T01:39:22.387Z" testType="13cdc9d9-ddb5-4fa4-a97d-d965ccfc6d4b" outcome="Passed" testListId="8c84fa94-04c1-424b-9868-57a2d4851a1d"/>
    <UnitTestResult testId="14c08336-0c7b-4cb3-bd25-f2854db3766a" executionId="e7cd3d9a-9e1a-45fd-8852-9a4d014413be" testName="testing / render Leul Description" computerName="DESKTOP-I7T5DU9" duration="00:00:01.655" startTime="2021-04-03T01:39:22.387Z" endTime="2021-04-03T01:39:24.042Z" testType="13cdc9d9-ddb5-4fa4-a97d-d965ccfc6d4b" outcome="Passed" testListId="8c84fa94-04c1-424b-9868-57a2d4851a1d"/>
    <UnitTestResult testId="0b5635ec-2fb8-4b51-9037-5a96ade9c58b" executionId="1d0bea5e-aa08-49d6-8751-8ea2939ad489" testName="testing / render Gopi Description" computerName="DESKTOP-I7T5DU9" duration="00:00:01.655" startTime="2021-04-03T01:39:24.042Z" endTime="2021-04-03T01:39:25.697Z" testType="13cdc9d9-ddb5-4fa4-a97d-d965ccfc6d4b" outcome="Passed" testListId="8c84fa94-04c1-424b-9868-57a2d4851a1d"/>
  </Results>
</TestRun>